# JRE version: Java(TM) SE Runtime Environment (8.0_202-b08) (build 1.8.0_202-b08)
# Java VM: Java HotSpot(TM) 64-Bit Server VM (25.202-b08 mixed mode windows-amd64 compressed oops)
Heap:
 PSYoungGen      total 33280K, used 11195K [0x00000000db000000, 0x00000000dd980000, 0x0000000100000000)
  eden space 28672K, 22% used [0x00000000db000000,0x00000000db6703b0,0x00000000dcc00000)
  from space 4608K, 99% used [0x00000000dd080000,0x00000000dd4feb10,0x00000000dd500000)
  to   space 4608K, 0% used [0x00000000dcc00000,0x00000000dcc00000,0x00000000dd080000)
 ParOldGen       total 55296K, used 6799K [0x0000000091000000, 0x0000000094600000, 0x00000000db000000)
  object space 55296K, 12% used [0x0000000091000000,0x00000000916a3c78,0x0000000094600000)
 Metaspace       used 18844K, capacity 19522K, committed 19712K, reserved 1069056K
  class space    used 2575K, capacity 2765K, committed 2816K, reserved 1048576K
GC Heap History (6 events):
Event: 1.545 GC heap before
{Heap before GC invocations=1 (full 0):
 PSYoungGen      total 33280K, used 23763K [0x00000000db000000, 0x00000000dd500000, 0x0000000100000000)
  eden space 28672K, 82% used [0x00000000db000000,0x00000000dc734f68,0x00000000dcc00000)
  from space 4608K, 0% used [0x00000000dd080000,0x00000000dd080000,0x00000000dd500000)
  to   space 4608K, 0% used [0x00000000dcc00000,0x00000000dcc00000,0x00000000dd080000)
 ParOldGen       total 76800K, used 0K [0x0000000091000000, 0x0000000095b00000, 0x00000000db000000)
  object space 76800K, 0% used [0x0000000091000000,0x0000000091000000,0x0000000095b00000)
 Metaspace       used 11968K, capacity 12348K, committed 12544K, reserved 1067008K
  class space    used 1589K, capacity 1726K, committed 1792K, reserved 1048576K
Event: 1.553 GC heap after
Heap after GC invocations=1 (full 0):
 PSYoungGen      total 33280K, used 3136K [0x00000000db000000, 0x00000000dd500000, 0x0000000100000000)
  eden space 28672K, 0% used [0x00000000db000000,0x00000000db000000,0x00000000dcc00000)
  from space 4608K, 68% used [0x00000000dcc00000,0x00000000dcf10020,0x00000000dd080000)
  to   space 4608K, 0% used [0x00000000dd080000,0x00000000dd080000,0x00000000dd500000)
 ParOldGen       total 76800K, used 80K [0x0000000091000000, 0x0000000095b00000, 0x00000000db000000)
  object space 76800K, 0% used [0x0000000091000000,0x0000000091014010,0x0000000095b00000)
 Metaspace       used 11968K, capacity 12348K, committed 12544K, reserved 1067008K
  class space    used 1589K, capacity 1726K, committed 1792K, reserved 1048576K
}
Event: 1.553 GC heap before
{Heap before GC invocations=2 (full 1):
 PSYoungGen      total 33280K, used 3136K [0x00000000db000000, 0x00000000dd500000, 0x0000000100000000)
  eden space 28672K, 0% used [0x00000000db000000,0x00000000db000000,0x00000000dcc00000)
  from space 4608K, 68% used [0x00000000dcc00000,0x00000000dcf10020,0x00000000dd080000)
  to   space 4608K, 0% used [0x00000000dd080000,0x00000000dd080000,0x00000000dd500000)
 ParOldGen       total 76800K, used 80K [0x0000000091000000, 0x0000000095b00000, 0x00000000db000000)
  object space 76800K, 0% used [0x0000000091000000,0x0000000091014010,0x0000000095b00000)
 Metaspace       used 11968K, capacity 12348K, committed 12544K, reserved 1067008K
  class space    used 1589K, capacity 1726K, committed 1792K, reserved 1048576K
Event: 1.586 GC heap after
Heap after GC invocations=2 (full 1):
 PSYoungGen      total 33280K, used 0K [0x00000000db000000, 0x00000000dd500000, 0x0000000100000000)
  eden space 28672K, 0% used [0x00000000db000000,0x00000000db000000,0x00000000dcc00000)
  from space 4608K, 0% used [0x00000000dcc00000,0x00000000dcc00000,0x00000000dd080000)
  to   space 4608K, 0% used [0x00000000dd080000,0x00000000dd080000,0x00000000dd500000)
 ParOldGen       total 55296K, used 3107K [0x0000000091000000, 0x0000000094600000, 0x00000000db000000)
  object space 55296K, 5% used [0x0000000091000000,0x0000000091308ea0,0x0000000094600000)
 Metaspace       used 11968K, capacity 12348K, committed 12544K, reserved 1064960K
  class space    used 1589K, capacity 1726K, committed 1792K, reserved 1048576K
}
Event: 5.200 GC heap before
{Heap before GC invocations=3 (full 1):
 PSYoungGen      total 33280K, used 28672K [0x00000000db000000, 0x00000000dd500000, 0x0000000100000000)
  eden space 28672K, 100% used [0x00000000db000000,0x00000000dcc00000,0x00000000dcc00000)
  from space 4608K, 0% used [0x00000000dcc00000,0x00000000dcc00000,0x00000000dd080000)
  to   space 4608K, 0% used [0x00000000dd080000,0x00000000dd080000,0x00000000dd500000)
 ParOldGen       total 55296K, used 3107K [0x0000000091000000, 0x0000000094600000, 0x00000000db000000)
  object space 55296K, 5% used [0x0000000091000000,0x0000000091308ea0,0x0000000094600000)
 Metaspace       used 18432K, capacity 19038K, committed 19200K, reserved 1069056K
  class space    used 2553K, capacity 2715K, committed 2816K, reserved 1048576K
Event: 5.208 GC heap after
Heap after GC invocations=3 (full 1):
 PSYoungGen      total 33280K, used 4602K [0x00000000db000000, 0x00000000dd980000, 0x0000000100000000)
  eden space 28672K, 0% used [0x00000000db000000,0x00000000db000000,0x00000000dcc00000)
  from space 4608K, 99% used [0x00000000dd080000,0x00000000dd4feb10,0x00000000dd500000)
  to   space 4608K, 0% used [0x00000000dcc00000,0x00000000dcc00000,0x00000000dd080000)
 ParOldGen       total 55296K, used 6799K [0x0000000091000000, 0x0000000094600000, 0x00000000db000000)
  object space 55296K, 12% used [0x0000000091000000,0x00000000916a3c78,0x0000000094600000)
 Metaspace       used 18432K, capacity 19038K, committed 19200K, reserved 1069056K
  class space    used 2553K, capacity 2715K, committed 2816K, reserved 1048576K
}

